android/app/build/intermediates/manifest_merge_blame_file/debug/manifest-merger-blame-debug-report.txt
1<?xml version="1.0" encoding="utf-8"?>
2<manifest xmlns:android="http://schemas.android.com/apk/res/android"
3    package="com.fooddeliveryapptemplate"
4    android:versionCode="1"
5    android:versionName="1.0" >
6
7    <uses-sdk
8        android:minSdkVersion="16"
9        android:targetSdkVersion="29" />
10
11    <uses-permission android:name="android.permission.SYSTEM_ALERT_WINDOW" />
11-->src\debug\AndroidManifest.xml:5:5-77
11-->src\debug\AndroidManifest.xml:5:22-75
12    <uses-permission android:name="android.permission.INTERNET" />
12-->src\main\AndroidManifest.xml:4:5-67
12-->src\main\AndroidManifest.xml:4:22-64
13    <uses-permission android:name="android.permission.ACCESS_FINE_LOCATION" />
13-->src\main\AndroidManifest.xml:5:5-79
13-->src\main\AndroidManifest.xml:5:22-76
14    <uses-permission android:name="android.permission.ACCESS_WIFI_STATE" />
14-->[com.facebook.flipper:flipper:0.54.0] AndroidManifest.xml:16:5-76
14-->[com.facebook.flipper:flipper:0.54.0] AndroidManifest.xml:16:22-73
15    <uses-permission android:name="android.permission.ACCESS_COARSE_LOCATION" /> <!-- Include required permissions for Google Maps API to run. -->
15-->[:react-native-maps] AndroidManifest.xml:10:5-81
15-->[:react-native-maps] AndroidManifest.xml:10:22-78
16    <uses-permission android:name="android.permission.ACCESS_NETWORK_STATE" />
16-->[com.google.android.gms:play-services-maps:17.0.0] AndroidManifest.xml:23:5-79
16-->[com.google.android.gms:play-services-maps:17.0.0] AndroidManifest.xml:23:22-76
17
18    <uses-feature
18-->[com.google.android.gms:play-services-maps:17.0.0] AndroidManifest.xml:26:5-28:35
19        android:glEsVersion="0x00020000"
19-->[com.google.android.gms:play-services-maps:17.0.0] AndroidManifest.xml:27:9-41
20        android:required="true" />
20-->[com.google.android.gms:play-services-maps:17.0.0] AndroidManifest.xml:28:9-32
21
22    <application
22-->src\main\AndroidManifest.xml:7:5-31:19
23        android:name="com.fooddeliveryapptemplate.MainApplication"
23-->src\main\AndroidManifest.xml:8:7-38
24        android:allowBackup="false"
24-->src\main\AndroidManifest.xml:11:7-34
25        android:appComponentFactory="androidx.core.app.CoreComponentFactory"
25-->[androidx.core:core:1.1.0] AndroidManifest.xml:24:18-86
26        android:debuggable="true"
27        android:icon="@mipmap/ic_launcher"
27-->src\main\AndroidManifest.xml:10:7-41
28        android:label="@string/app_name"
28-->src\main\AndroidManifest.xml:9:7-39
29        android:theme="@style/AppTheme"
29-->src\main\AndroidManifest.xml:12:7-38
30        android:usesCleartextTraffic="true" >
30-->src\debug\AndroidManifest.xml:7:18-53
31        <activity
31-->src\main\AndroidManifest.xml:13:7-25:18
32            android:name="com.fooddeliveryapptemplate.MainActivity"
32-->src\main\AndroidManifest.xml:14:9-37
33            android:configChanges="keyboard|keyboardHidden|orientation|screenSize|uiMode"
33-->src\main\AndroidManifest.xml:16:9-86
34            android:label="@string/app_name"
34-->src\main\AndroidManifest.xml:15:9-41
35            android:launchMode="singleTask"
35-->src\main\AndroidManifest.xml:17:9-40
36            android:screenOrientation="portrait"
36-->src\main\AndroidManifest.xml:18:9-45
37            android:windowSoftInputMode="adjustResize" >
37-->src\main\AndroidManifest.xml:19:9-51
38            <intent-filter>
38-->src\main\AndroidManifest.xml:21:9-24:25
39                <action android:name="android.intent.action.MAIN" />
39-->src\main\AndroidManifest.xml:22:13-65
39-->src\main\AndroidManifest.xml:22:21-62
40
41                <category android:name="android.intent.category.LAUNCHER" />
41-->src\main\AndroidManifest.xml:23:13-73
41-->src\main\AndroidManifest.xml:23:23-70
42            </intent-filter>
43        </activity>
44        <activity android:name="com.facebook.react.devsupport.DevSettingsActivity" />
44-->src\main\AndroidManifest.xml:26:7-84
44-->src\main\AndroidManifest.xml:26:17-81
45
46        <meta-data
46-->src\main\AndroidManifest.xml:27:7-29:67
47            android:name="com.google.android.geo.API_KEY"
47-->src\main\AndroidManifest.xml:28:9-54
48            android:value="AIzaSyD7_x-IaDtLZle9C37GEnizuCkEOSnkkBg" />
48-->src\main\AndroidManifest.xml:29:9-64
49
50        <uses-library
50-->src\main\AndroidManifest.xml:30:7-86
51            android:name="org.apache.http.legacy"
51-->src\main\AndroidManifest.xml:30:21-58
52            android:required="false" />
52-->src\main\AndroidManifest.xml:30:59-83
53
54        <activity
54-->[com.google.android.gms:play-services-base:17.0.0] AndroidManifest.xml:23:9-26:75
55            android:name="com.google.android.gms.common.api.GoogleApiActivity"
55-->[com.google.android.gms:play-services-base:17.0.0] AndroidManifest.xml:24:13-79
56            android:exported="false"
56-->[com.google.android.gms:play-services-base:17.0.0] AndroidManifest.xml:25:13-37
57            android:theme="@android:style/Theme.Translucent.NoTitleBar" />
57-->[com.google.android.gms:play-services-base:17.0.0] AndroidManifest.xml:26:13-72
58
59        <meta-data
59-->[com.google.android.gms:play-services-basement:17.0.0] AndroidManifest.xml:23:9-25:69
60            android:name="com.google.android.gms.version"
60-->[com.google.android.gms:play-services-basement:17.0.0] AndroidManifest.xml:24:13-58
61            android:value="@integer/google_play_services_version" />
61-->[com.google.android.gms:play-services-basement:17.0.0] AndroidManifest.xml:25:13-66
62    </application>
63
64</manifest>